07-31 22:50:32 com_github_MitjaNemec_PlaceFootprints.action_place_footprints 405:Plugin executed on: 'darwin'
07-31 22:50:32 com_github_MitjaNemec_PlaceFootprints.action_place_footprints 406:Plugin executed with python version: '3.9.13 (v3.9.13:6de2ca5339, May 17 2022, 11:37:23) \n[Clang 13.0.0 (clang-1300.0.29.30)]'
07-31 22:50:32 com_github_MitjaNemec_PlaceFootprints.action_place_footprints 407:KiCad build version: 7.0.5-0
07-31 22:50:32 com_github_MitjaNemec_PlaceFootprints.action_place_footprints 408:Plugin version: 2.0.3
07-31 22:50:32 com_github_MitjaNemec_PlaceFootprints.action_place_footprints 409:Frame repr: <wx._core.Frame object at 0x118d2e280>
07-31 22:50:32 com_github_MitjaNemec_PlaceFootprints.place_footprints 121:getting a list of all footprints on board
07-31 22:50:32 com_github_MitjaNemec_PlaceFootprints.place_footprints 156:Footprint Q1 on root level
07-31 22:50:32 com_github_MitjaNemec_PlaceFootprints.place_footprints 156:Footprint R10 on root level
07-31 22:50:32 com_github_MitjaNemec_PlaceFootprints.place_footprints 156:Footprint D1 on root level
07-31 22:50:32 com_github_MitjaNemec_PlaceFootprints.place_footprints 156:Footprint R5 on root level
07-31 22:50:32 com_github_MitjaNemec_PlaceFootprints.place_footprints 156:Footprint D3 on root level
07-31 22:50:32 com_github_MitjaNemec_PlaceFootprints.place_footprints 156:Footprint R6 on root level
07-31 22:50:32 com_github_MitjaNemec_PlaceFootprints.place_footprints 156:Footprint D4 on root level
07-31 22:50:32 com_github_MitjaNemec_PlaceFootprints.place_footprints 156:Footprint R25 on root level
07-31 22:50:32 com_github_MitjaNemec_PlaceFootprints.place_footprints 156:Footprint U1 on root level
07-31 22:50:32 com_github_MitjaNemec_PlaceFootprints.place_footprints 156:Footprint C6 on root level
07-31 22:50:32 com_github_MitjaNemec_PlaceFootprints.place_footprints 156:Footprint R20 on root level
07-31 22:50:32 com_github_MitjaNemec_PlaceFootprints.place_footprints 156:Footprint D2 on root level
07-31 22:50:32 com_github_MitjaNemec_PlaceFootprints.place_footprints 156:Footprint R7 on root level
07-31 22:50:32 com_github_MitjaNemec_PlaceFootprints.place_footprints 156:Footprint C5 on root level
07-31 22:50:32 com_github_MitjaNemec_PlaceFootprints.place_footprints 156:Footprint R16 on root level
07-31 22:50:32 com_github_MitjaNemec_PlaceFootprints.place_footprints 156:Footprint R30 on root level
07-31 22:50:32 com_github_MitjaNemec_PlaceFootprints.place_footprints 156:Footprint R11 on root level
07-31 22:50:32 com_github_MitjaNemec_PlaceFootprints.place_footprints 156:Footprint C4 on root level
07-31 22:50:32 com_github_MitjaNemec_PlaceFootprints.place_footprints 156:Footprint R3 on root level
07-31 22:50:32 com_github_MitjaNemec_PlaceFootprints.place_footprints 156:Footprint R22 on root level
07-31 22:50:32 com_github_MitjaNemec_PlaceFootprints.place_footprints 156:Footprint R23 on root level
07-31 22:50:32 com_github_MitjaNemec_PlaceFootprints.place_footprints 156:Footprint R14 on root level
07-31 22:50:32 com_github_MitjaNemec_PlaceFootprints.place_footprints 156:Footprint R29 on root level
07-31 22:50:32 com_github_MitjaNemec_PlaceFootprints.place_footprints 156:Footprint R12 on root level
07-31 22:50:32 com_github_MitjaNemec_PlaceFootprints.place_footprints 156:Footprint R27 on root level
07-31 22:50:32 com_github_MitjaNemec_PlaceFootprints.place_footprints 156:Footprint R26 on root level
07-31 22:50:32 com_github_MitjaNemec_PlaceFootprints.place_footprints 156:Footprint R4 on root level
07-31 22:50:32 com_github_MitjaNemec_PlaceFootprints.place_footprints 156:Footprint R19 on root level
07-31 22:50:32 com_github_MitjaNemec_PlaceFootprints.place_footprints 156:Footprint R2 on root level
07-31 22:50:32 com_github_MitjaNemec_PlaceFootprints.place_footprints 156:Footprint R18 on root level
07-31 22:50:32 com_github_MitjaNemec_PlaceFootprints.place_footprints 156:Footprint R13 on root level
07-31 22:50:32 com_github_MitjaNemec_PlaceFootprints.place_footprints 156:Footprint R21 on root level
07-31 22:50:32 com_github_MitjaNemec_PlaceFootprints.place_footprints 156:Footprint R28 on root level
07-31 22:50:32 com_github_MitjaNemec_PlaceFootprints.place_footprints 156:Footprint R9 on root level
07-31 22:50:32 com_github_MitjaNemec_PlaceFootprints.place_footprints 156:Footprint R24 on root level
07-31 22:50:32 com_github_MitjaNemec_PlaceFootprints.place_footprints 156:Footprint U2 on root level
07-31 22:50:32 com_github_MitjaNemec_PlaceFootprints.place_footprints 156:Footprint R15 on root level
07-31 22:50:32 com_github_MitjaNemec_PlaceFootprints.place_footprints 156:Footprint R8 on root level
07-31 22:50:32 com_github_MitjaNemec_PlaceFootprints.place_footprints 156:Footprint R17 on root level
07-31 22:50:32 com_github_MitjaNemec_PlaceFootprints.place_footprints 156:Footprint R1 on root level
07-31 22:50:32 com_github_MitjaNemec_PlaceFootprints.place_footprints 140:Footprint G*** does not have Sheetfile property, it will not be considered for placement. Most likely it is only in layout
07-31 22:50:32 com_github_MitjaNemec_PlaceFootprints.place_footprints 140:Footprint G*** does not have Sheetfile property, it will not be considered for placement. Most likely it is only in layout
07-31 22:50:32 com_github_MitjaNemec_PlaceFootprints.place_footprints 140:Footprint G*** does not have Sheetfile property, it will not be considered for placement. Most likely it is only in layout
07-31 22:50:38 com_github_MitjaNemec_PlaceFootprints.action_place_footprints 588:Reference designator is: R
07-31 22:50:38 com_github_MitjaNemec_PlaceFootprints.action_place_footprints 589:Reference number is: 25
07-31 22:50:38 com_github_MitjaNemec_PlaceFootprints.action_place_footprints 621:Sorted and filtered list:
['R1', 'R2', 'R3', 'R4', 'R5', 'R6', 'R7', 'R8', 'R9', 'R10', 'R11', 'R12', 'R13', 'R14', 'R15', 'R16', 'R17', 'R18', 'R19', 'R20', 'R21', 'R22', 'R23', 'R24', 'R25', 'R26', 'R27', 'R28', 'R29', 'R30']
07-31 22:51:08 com_github_MitjaNemec_PlaceFootprints.action_place_footprints 659:Footprints to place:
['R21', 'R22', 'R23', 'R24', 'R25', 'R26', 'R27', 'R28', 'R29', 'R30']
07-31 22:51:08 com_github_MitjaNemec_PlaceFootprints.place_footprints 330:Starting placing with circular layout
07-31 22:51:08 com_github_MitjaNemec_PlaceFootprints.place_footprints 340:reference footprint position at: VECTOR2I(98550000, 90000000)
07-31 22:51:08 com_github_MitjaNemec_PlaceFootprints.place_footprints 345:rotation center at: (98550000, 97982000.0)
07-31 22:51:08 com_github_MitjaNemec_PlaceFootprints.place_footprints 450:Text of: R25 has property "Keep upright" rotation might not look as intended
07-31 22:51:08 com_github_MitjaNemec_PlaceFootprints.place_footprints 450:Text of: R25 has property "Keep upright" rotation might not look as intended
07-31 22:51:08 com_github_MitjaNemec_PlaceFootprints.place_footprints 450:Text of: R25 has property "Keep upright" rotation might not look as intended
07-31 22:51:08 com_github_MitjaNemec_PlaceFootprints.place_footprints 450:Text of: R25 has property "Keep upright" rotation might not look as intended
07-31 22:51:08 com_github_MitjaNemec_PlaceFootprints.place_footprints 450:Text of: R25 has property "Keep upright" rotation might not look as intended
07-31 22:51:08 com_github_MitjaNemec_PlaceFootprints.place_footprints 450:Text of: R25 has property "Keep upright" rotation might not look as intended
07-31 22:51:08 com_github_MitjaNemec_PlaceFootprints.place_footprints 450:Text of: R25 has property "Keep upright" rotation might not look as intended
07-31 22:51:08 com_github_MitjaNemec_PlaceFootprints.place_footprints 450:Text of: R25 has property "Keep upright" rotation might not look as intended
07-31 22:51:08 com_github_MitjaNemec_PlaceFootprints.place_footprints 450:Text of: R25 has property "Keep upright" rotation might not look as intended
07-31 22:51:08 com_github_MitjaNemec_PlaceFootprints.place_footprints 450:Text of: R25 has property "Keep upright" rotation might not look as intended
07-31 22:51:08 com_github_MitjaNemec_PlaceFootprints.place_footprints 450:Text of: R25 has property "Keep upright" rotation might not look as intended
07-31 22:51:08 com_github_MitjaNemec_PlaceFootprints.place_footprints 450:Text of: R25 has property "Keep upright" rotation might not look as intended
07-31 22:51:08 com_github_MitjaNemec_PlaceFootprints.place_footprints 450:Text of: R25 has property "Keep upright" rotation might not look as intended
07-31 22:51:08 com_github_MitjaNemec_PlaceFootprints.place_footprints 450:Text of: R25 has property "Keep upright" rotation might not look as intended
07-31 22:51:08 com_github_MitjaNemec_PlaceFootprints.place_footprints 450:Text of: R25 has property "Keep upright" rotation might not look as intended
07-31 22:51:08 com_github_MitjaNemec_PlaceFootprints.place_footprints 450:Text of: R25 has property "Keep upright" rotation might not look as intended
07-31 22:51:08 com_github_MitjaNemec_PlaceFootprints.place_footprints 450:Text of: R25 has property "Keep upright" rotation might not look as intended
07-31 22:51:08 com_github_MitjaNemec_PlaceFootprints.place_footprints 450:Text of: R25 has property "Keep upright" rotation might not look as intended
07-31 22:51:08 com_github_MitjaNemec_PlaceFootprints.place_footprints 450:Text of: R25 has property "Keep upright" rotation might not look as intended
07-31 22:51:08 com_github_MitjaNemec_PlaceFootprints.place_footprints 450:Text of: R25 has property "Keep upright" rotation might not look as intended
07-31 22:51:08 com_github_MitjaNemec_PlaceFootprints.place_footprints 450:Text of: R25 has property "Keep upright" rotation might not look as intended
07-31 22:51:08 com_github_MitjaNemec_PlaceFootprints.place_footprints 450:Text of: R25 has property "Keep upright" rotation might not look as intended
07-31 22:51:08 com_github_MitjaNemec_PlaceFootprints.place_footprints 450:Text of: R25 has property "Keep upright" rotation might not look as intended
07-31 22:51:08 com_github_MitjaNemec_PlaceFootprints.place_footprints 450:Text of: R25 has property "Keep upright" rotation might not look as intended
07-31 22:51:08 com_github_MitjaNemec_PlaceFootprints.place_footprints 450:Text of: R25 has property "Keep upright" rotation might not look as intended
07-31 22:51:08 com_github_MitjaNemec_PlaceFootprints.place_footprints 450:Text of: R25 has property "Keep upright" rotation might not look as intended
07-31 22:51:08 com_github_MitjaNemec_PlaceFootprints.place_footprints 450:Text of: R25 has property "Keep upright" rotation might not look as intended
07-31 22:51:08 com_github_MitjaNemec_PlaceFootprints.action_place_footprints 674:Placing complete
